<?xml version="1.0" encoding="UTF-8"?>
<!-- Generated by org.testng.reporters.JUnitReportReporter -->
<testsuite skipped="0" hostname="STRTT-PC" name="Examples.PortfolioTest" tests="2" failures="0" timestamp="29 Oct 2018 12:00:21 GMT" time="47.722" errors="0">
  <testcase name="createPortfolioTest" time="47.384" classname="Examples.PortfolioTest"/>
  <testcase name="deletePortfolioTest" time="0.338" classname="Examples.PortfolioTest"/>
</testsuite> <!-- Examples.PortfolioTest -->
