<?xml version="1.0" encoding="UTF-8"?>
<!-- Generated by org.testng.reporters.JUnitReportReporter -->
<testsuite skipped="0" hostname="STRTT-PC" name="LoadingOptions" tests="1" failures="0" timestamp="19 Oct 2018 18:50:05 GMT" time="12.563" errors="0">
  <testcase name="launchBroswer" time="12.563" classname="LoadingOptions"/>
</testsuite> <!-- LoadingOptions -->
