<?xml version="1.0" encoding="UTF-8"?>
<!-- Generated by org.testng.reporters.JUnitReportReporter -->
<testsuite skipped="0" hostname="STRTT-PC" name="Examples.LoginTest" tests="1" failures="0" timestamp="27 Oct 2018 11:44:00 GMT" time="33.132" errors="0">
  <testcase name="loginTest" time="33.132" classname="Examples.LoginTest"/>
</testsuite> <!-- Examples.LoginTest -->
