<?xml version="1.0" encoding="UTF-8"?>
<!-- Generated by org.testng.reporters.JUnitReportReporter -->
<testsuite skipped="0" hostname="STRTT-PC" name="Examples.AddDeleteStockTest" tests="2" failures="0" timestamp="29 Oct 2018 18:43:15 GMT" time="60.155" errors="0">
  <testcase name="addStockTest" time="55.650" classname="Examples.AddDeleteStockTest"/>
  <testcase name="deleteStockTest" time="4.505" classname="Examples.AddDeleteStockTest"/>
</testsuite> <!-- Examples.AddDeleteStockTest -->
