<?xml version="1.0" encoding="UTF-8"?>
<!-- Generated by org.testng.reporters.JUnitReportReporter -->
<testsuite skipped="0" hostname="STRTT-PC" name="Examples.BuyorSellStockTest" tests="2" failures="0" timestamp="29 Oct 2018 20:39:29 GMT" time="49.943" errors="0">
  <testcase name="buyorSellStockTest" time="46.608" classname="Examples.BuyorSellStockTest"/>
  <testcase name="CheckTransactionHistoryTest" time="3.335" classname="Examples.BuyorSellStockTest"/>
</testsuite> <!-- Examples.BuyorSellStockTest -->
